Traceback (most recent call last):
  File "/home/loki/anaconda3/lib/python3.11/site-packages/torch/_functorch/aot_autograd.py", line 3429, in create_aot_dispatcher_function
    compiled_fn = compiler_fn(flat_fn, fake_flat_args, aot_config, fw_metadata=fw_metadata)
                  ^^^^^^^^^^^^^^^^^^^^^^^^^^^^^^^^^^^^^^^^^^^^^^^^^^^^^^^^^^^^^^^^^^^^^^^^^
  File "/home/loki/anaconda3/lib/python3.11/site-packages/torch/_functorch/aot_autograd.py", line 2212, in aot_wrapper_dedupe
    return compiler_fn(flat_fn, leaf_flat_args, aot_config, fw_metadata=fw_metadata)
           ^^^^^^^^^^^^^^^^^^^^^^^^^^^^^^^^^^^^^^^^^^^^^^^^^^^^^^^^^^^^^^^^^^^^^^^^^
  File "/home/loki/anaconda3/lib/python3.11/site-packages/torch/_functorch/aot_autograd.py", line 2392, in aot_wrapper_synthetic_base
    return compiler_fn(flat_fn, flat_args, aot_config, fw_metadata=fw_metadata)
           ^^^^^^^^^^^^^^^^^^^^^^^^^^^^^^^^^^^^^^^^^^^^^^^^^^^^^^^^^^^^^^^^^^^^
  File "/home/loki/anaconda3/lib/python3.11/site-packages/torch/_functorch/aot_autograd.py", line 1573, in aot_dispatch_base
    compiled_fw = compiler(fw_module, flat_args)
                  ^^^^^^^^^^^^^^^^^^^^^^^^^^^^^^
  File "/home/loki/anaconda3/lib/python3.11/site-packages/torch/_dynamo/utils.py", line 189, in time_wrapper
    r = func(*args, **kwargs)
        ^^^^^^^^^^^^^^^^^^^^^
  File "/home/loki/anaconda3/lib/python3.11/site-packages/torch/_inductor/compile_fx.py", line 1092, in fw_compiler_base
    return inner_compile(
           ^^^^^^^^^^^^^^
  File "/home/loki/anaconda3/lib/python3.11/site-packages/torch/_dynamo/repro/after_aot.py", line 80, in debug_wrapper
    inner_compiled_fn = compiler_fn(gm, example_inputs)
                        ^^^^^^^^^^^^^^^^^^^^^^^^^^^^^^^
  File "/home/loki/anaconda3/lib/python3.11/site-packages/torch/_inductor/debug.py", line 228, in inner
    return fn(*args, **kwargs)
           ^^^^^^^^^^^^^^^^^^^
  File "/home/loki/anaconda3/lib/python3.11/contextlib.py", line 81, in inner
    return func(*args, **kwds)
           ^^^^^^^^^^^^^^^^^^^
  File "/home/loki/anaconda3/lib/python3.11/site-packages/torch/_inductor/compile_fx.py", line 54, in newFunction
    return old_func(*args, **kwargs)
           ^^^^^^^^^^^^^^^^^^^^^^^^^
  File "/home/loki/anaconda3/lib/python3.11/site-packages/torch/_inductor/compile_fx.py", line 341, in compile_fx_inner
    compiled_graph: CompiledFxGraph = fx_codegen_and_compile(
                                      ^^^^^^^^^^^^^^^^^^^^^^^
  File "/home/loki/anaconda3/lib/python3.11/site-packages/torch/_inductor/compile_fx.py", line 565, in fx_codegen_and_compile
    compiled_fn = graph.compile_to_fn()
                  ^^^^^^^^^^^^^^^^^^^^^
  File "/home/loki/anaconda3/lib/python3.11/site-packages/torch/_inductor/graph.py", line 970, in compile_to_fn
    return self.compile_to_module().call
           ^^^^^^^^^^^^^^^^^^^^^^^^
  File "/home/loki/anaconda3/lib/python3.11/site-packages/torch/_dynamo/utils.py", line 189, in time_wrapper
    r = func(*args, **kwargs)
        ^^^^^^^^^^^^^^^^^^^^^
  File "/home/loki/anaconda3/lib/python3.11/site-packages/torch/_inductor/graph.py", line 941, in compile_to_module
    mod = PyCodeCache.load_by_key_path(key, path, linemap=linemap)
          ^^^^^^^^^^^^^^^^^^^^^^^^^^^^^^^^^^^^^^^^^^^^^^^^^^^^^^^^
  File "/home/loki/anaconda3/lib/python3.11/site-packages/torch/_inductor/codecache.py", line 1139, in load_by_key_path
    exec(code, mod.__dict__, mod.__dict__)
  File "/tmp/torchinductor_loki/xl/cxlu7iyy7mttvpex6lrzsruup7rwo33mzqoukxq5l2bpptfjhgqv.py", line 1509, in <module>
    async_compile.wait(globals())
  File "/home/loki/anaconda3/lib/python3.11/site-packages/torch/_inductor/codecache.py", line 1418, in wait
    scope[key] = result.result()
                 ^^^^^^^^^^^^^^^
  File "/home/loki/anaconda3/lib/python3.11/site-packages/torch/_inductor/codecache.py", line 1277, in result
    self.future.result()
  File "/home/loki/anaconda3/lib/python3.11/concurrent/futures/_base.py", line 451, in result
    self._condition.wait(timeout)
  File "/home/loki/anaconda3/lib/python3.11/threading.py", line 320, in wait
    waiter.acquire()
KeyboardInterrupt
During handling of the above exception, another exception occurred:
Traceback (most recent call last):
  File "/home/loki/projects/adgpt/train.py", line 274, in <module>
    losses = estimate_loss()
             ^^^^^^^^^^^^^^^
  File "/home/loki/anaconda3/lib/python3.11/site-packages/torch/utils/_contextlib.py", line 115, in decorate_context
    return func(*args, **kwargs)
           ^^^^^^^^^^^^^^^^^^^^^
  File "/home/loki/projects/adgpt/train.py", line 227, in estimate_loss
    logits, loss = model(X, Y)
                   ^^^^^^^^^^^
  File "/home/loki/anaconda3/lib/python3.11/site-packages/torch/nn/modules/module.py", line 1518, in _wrapped_call_impl
    return self._call_impl(*args, **kwargs)
           ^^^^^^^^^^^^^^^^^^^^^^^^^^^^^^^^
  File "/home/loki/anaconda3/lib/python3.11/site-packages/torch/nn/modules/module.py", line 1527, in _call_impl
    return forward_call(*args, **kwargs)
           ^^^^^^^^^^^^^^^^^^^^^^^^^^^^^
  File "/home/loki/anaconda3/lib/python3.11/site-packages/torch/nn/parallel/distributed.py", line 1519, in forward
    else self._run_ddp_forward(*inputs, **kwargs)
         ^^^^^^^^^^^^^^^^^^^^^^^^^^^^^^^^^^^^^^^^
  File "/home/loki/anaconda3/lib/python3.11/site-packages/torch/nn/parallel/distributed.py", line 1355, in _run_ddp_forward
    return self.module(*inputs, **kwargs)  # type: ignore[index]
           ^^^^^^^^^^^^^^^^^^^^^^^^^^^^^^
  File "/home/loki/anaconda3/lib/python3.11/site-packages/torch/nn/modules/module.py", line 1518, in _wrapped_call_impl
    return self._call_impl(*args, **kwargs)
           ^^^^^^^^^^^^^^^^^^^^^^^^^^^^^^^^
  File "/home/loki/anaconda3/lib/python3.11/site-packages/torch/nn/modules/module.py", line 1527, in _call_impl
    return forward_call(*args, **kwargs)
           ^^^^^^^^^^^^^^^^^^^^^^^^^^^^^
  File "/home/loki/anaconda3/lib/python3.11/site-packages/torch/_dynamo/eval_frame.py", line 328, in _fn
    return fn(*args, **kwargs)
           ^^^^^^^^^^^^^^^^^^^
  File "/home/loki/anaconda3/lib/python3.11/site-packages/torch/nn/modules/module.py", line 1518, in _wrapped_call_impl
    return self._call_impl(*args, **kwargs)
           ^^^^^^^^^^^^^^^^^^^^^^^^^^^^^^^^
  File "/home/loki/anaconda3/lib/python3.11/site-packages/torch/nn/modules/module.py", line 1527, in _call_impl
    return forward_call(*args, **kwargs)
           ^^^^^^^^^^^^^^^^^^^^^^^^^^^^^
  File "/home/loki/anaconda3/lib/python3.11/site-packages/torch/_dynamo/eval_frame.py", line 487, in catch_errors
    return hijacked_callback(frame, cache_entry, hooks, frame_state)
           ^^^^^^^^^^^^^^^^^^^^^^^^^^^^^^^^^^^^^^^^^^^^^^^^^^^^^^^^^
  File "/home/loki/anaconda3/lib/python3.11/site-packages/torch/_dynamo/convert_frame.py", line 641, in _convert_frame
    result = inner_convert(frame, cache_size, hooks, frame_state)
             ^^^^^^^^^^^^^^^^^^^^^^^^^^^^^^^^^^^^^^^^^^^^^^^^^^^^
  File "/home/loki/anaconda3/lib/python3.11/site-packages/torch/_dynamo/convert_frame.py", line 133, in _fn
    return fn(*args, **kwargs)
           ^^^^^^^^^^^^^^^^^^^
  File "/home/loki/anaconda3/lib/python3.11/site-packages/torch/_dynamo/convert_frame.py", line 389, in _convert_frame_assert
    return _compile(
           ^^^^^^^^^
  File "/home/loki/anaconda3/lib/python3.11/site-packages/torch/_dynamo/convert_frame.py", line 569, in _compile
    guarded_code = compile_inner(code, one_graph, hooks, transform)
                   ^^^^^^^^^^^^^^^^^^^^^^^^^^^^^^^^^^^^^^^^^^^^^^^^
  File "/home/loki/anaconda3/lib/python3.11/site-packages/torch/_dynamo/utils.py", line 189, in time_wrapper
    r = func(*args, **kwargs)
        ^^^^^^^^^^^^^^^^^^^^^
  File "/home/loki/anaconda3/lib/python3.11/site-packages/torch/_dynamo/convert_frame.py", line 491, in compile_inner
    out_code = transform_code_object(code, transform)
               ^^^^^^^^^^^^^^^^^^^^^^^^^^^^^^^^^^^^^^
  File "/home/loki/anaconda3/lib/python3.11/site-packages/torch/_dynamo/bytecode_transformation.py", line 1028, in transform_code_object
    transformations(instructions, code_options)
  File "/home/loki/anaconda3/lib/python3.11/site-packages/torch/_dynamo/convert_frame.py", line 458, in transform
    tracer.run()
  File "/home/loki/anaconda3/lib/python3.11/site-packages/torch/_dynamo/symbolic_convert.py", line 2069, in run
    super().run()
  File "/home/loki/anaconda3/lib/python3.11/site-packages/torch/_dynamo/symbolic_convert.py", line 719, in run
    and self.step()
        ^^^^^^^^^^^
  File "/home/loki/anaconda3/lib/python3.11/site-packages/torch/_dynamo/symbolic_convert.py", line 683, in step
    getattr(self, inst.opname)(inst)
  File "/home/loki/anaconda3/lib/python3.11/site-packages/torch/_dynamo/symbolic_convert.py", line 2157, in RETURN_VALUE
    self.output.compile_subgraph(
  File "/home/loki/anaconda3/lib/python3.11/site-packages/torch/_dynamo/output_graph.py", line 857, in compile_subgraph
    self.compile_and_call_fx_graph(tx, pass2.graph_output_vars(), root)
  File "/home/loki/anaconda3/lib/python3.11/contextlib.py", line 81, in inner
    return func(*args, **kwds)
           ^^^^^^^^^^^^^^^^^^^
  File "/home/loki/anaconda3/lib/python3.11/site-packages/torch/_dynamo/output_graph.py", line 957, in compile_and_call_fx_graph
    compiled_fn = self.call_user_compiler(gm)
                  ^^^^^^^^^^^^^^^^^^^^^^^^^^^
  File "/home/loki/anaconda3/lib/python3.11/site-packages/torch/_dynamo/utils.py", line 189, in time_wrapper
    r = func(*args, **kwargs)
        ^^^^^^^^^^^^^^^^^^^^^
  File "/home/loki/anaconda3/lib/python3.11/site-packages/torch/_dynamo/output_graph.py", line 1009, in call_user_compiler
    compiled_fn = compiler_fn(gm, self.example_inputs())
                  ^^^^^^^^^^^^^^^^^^^^^^^^^^^^^^^^^^^^^^
  File "/home/loki/anaconda3/lib/python3.11/site-packages/torch/_dynamo/backends/distributed.py", line 436, in compile_fn
    submod_compiler.run(*example_inputs)
  File "/home/loki/anaconda3/lib/python3.11/site-packages/torch/fx/interpreter.py", line 138, in run
    self.env[node] = self.run_node(node)
                     ^^^^^^^^^^^^^^^^^^^
  File "/home/loki/anaconda3/lib/python3.11/site-packages/torch/_dynamo/backends/distributed.py", line 417, in run_node
    compiled_submod_real = self.compile_submod(
                           ^^^^^^^^^^^^^^^^^^^^
  File "/home/loki/anaconda3/lib/python3.11/site-packages/torch/_dynamo/backends/distributed.py", line 361, in compile_submod
    self.compiler(input_mod, args),
    ^^^^^^^^^^^^^^^^^^^^^^^^^^^^^^
  File "/home/loki/anaconda3/lib/python3.11/site-packages/torch/_dynamo/repro/after_dynamo.py", line 117, in debug_wrapper
    compiled_gm = compiler_fn(gm, example_inputs)
                  ^^^^^^^^^^^^^^^^^^^^^^^^^^^^^^^
  File "/home/loki/anaconda3/lib/python3.11/site-packages/torch/__init__.py", line 1568, in __call__
    return compile_fx(model_, inputs_, config_patches=self.config)
           ^^^^^^^^^^^^^^^^^^^^^^^^^^^^^^^^^^^^^^^^^^^^^^^^^^^^^^^
  File "/home/loki/anaconda3/lib/python3.11/site-packages/torch/_inductor/compile_fx.py", line 1150, in compile_fx
    return aot_autograd(
           ^^^^^^^^^^^^^
  File "/home/loki/anaconda3/lib/python3.11/site-packages/torch/_dynamo/backends/common.py", line 55, in compiler_fn
    cg = aot_module_simplified(gm, example_inputs, **kwargs)
         ^^^^^^^^^^^^^^^^^^^^^^^^^^^^^^^^^^^^^^^^^^^^^^^^^^^
  File "/home/loki/anaconda3/lib/python3.11/site-packages/torch/_functorch/aot_autograd.py", line 3891, in aot_module_simplified
    compiled_fn = create_aot_dispatcher_function(
                  ^^^^^^^^^^^^^^^^^^^^^^^^^^^^^^^
  File "/home/loki/anaconda3/lib/python3.11/site-packages/torch/_dynamo/utils.py", line 189, in time_wrapper
    r = func(*args, **kwargs)
        ^^^^^^^^^^^^^^^^^^^^^
  File "/home/loki/anaconda3/lib/python3.11/site-packages/torch/_functorch/aot_autograd.py", line 3337, in create_aot_dispatcher_function
    with torch.autograd.set_multithreading_enabled(
  File "/home/loki/anaconda3/lib/python3.11/site-packages/torch/_decomp/decompositions_for_rng.py", line 127, in __exit__
    PhiloxStateTracker.reset()
  File "/home/loki/anaconda3/lib/python3.11/site-packages/torch/_decomp/decompositions_for_rng.py", line 131, in reset
    cls.running_state = PhiloxState()
                        ^^^^^^^^^^^^^
  File "/home/loki/anaconda3/lib/python3.11/site-packages/torch/_decomp/decompositions_for_rng.py", line 72, in __init__
    self.reset()
  File "/home/loki/anaconda3/lib/python3.11/site-packages/torch/_decomp/decompositions_for_rng.py", line 75, in reset
    self.seed = torch.tensor(())
                ^^^^^^^^^^^^^^^^
  File "/home/loki/anaconda3/lib/python3.11/site-packages/torch/utils/_stats.py", line 15, in wrapper
    @functools.wraps(fn)
KeyboardInterrupt